[0.087s] Invoking command in '/home/levi/tut_interface/build/cpp01_topic': CMAKE_PREFIX_PATH=/home/levi/tut_interface/install/base_interfaces_demo:/home/levi/tut_interface/install/cpp01_topic:/opt/ros/humble /usr/bin/cmake --build /home/levi/tut_interface/build/cpp01_topic -- -j6 -l6
[0.889s] [ 25%] [32mBuilding CXX object CMakeFiles/demo_stu.dir/src/demo_stu.cpp.o[0m
[0.892s] [ 50%] [32mBuilding CXX object CMakeFiles/demo_stu_listener.dir/src/demo_stu_listener.cpp.o[0m
[4.403s] [01m[K/home/levi/tut_interface/src/cpp01_topic/src/demo_stu_listener.cpp:2:10:[m[K [01;31m[Kfatal error: [m[Kbase_interfaces_demo/student.hpp: No such file or directory
[4.403s]     2 | #include [01;31m[K"base_interfaces_demo/student.hpp"[m[K
[4.405s]       |          [01;31m[K^~~~~~~~~~~~~~~~~~~~~~~~~~~~~~~~~~[m[K
[4.406s] compilation terminated.
[4.414s] gmake[2]: *** [CMakeFiles/demo_stu_listener.dir/build.make:76: CMakeFiles/demo_stu_listener.dir/src/demo_stu_listener.cpp.o] Error 1
[4.414s] gmake[1]: *** [CMakeFiles/Makefile2:139: CMakeFiles/demo_stu_listener.dir/all] Error 2
[4.415s] gmake[1]: *** Waiting for unfinished jobs....
[15.795s] [01m[K/home/levi/tut_interface/src/cpp01_topic/src/demo_stu.cpp:5:7:[m[K [01;31m[Kerror: [m[Kâ€˜[01m[Kbase_interface_demo[m[Kâ€™ has not been declared
[15.797s]     5 | using [01;31m[Kbase_interface_demo[m[K::msg::Student;
[15.797s]       |       [01;31m[K^~~~~~~~~~~~~~~~~~~[m[K
[15.801s] [01m[K/home/levi/tut_interface/src/cpp01_topic/src/demo_stu.cpp:27:21:[m[K [01;31m[Kerror: [m[Kâ€˜[01m[KStudent[m[Kâ€™ was not declared in this scope; did you mean â€˜[01m[Kbase_interfaces_demo::msg::Student[m[Kâ€™?
[15.803s]    27 |   rclcpp::Publisher<[01;31m[KStudent[m[K>::SharedPtr publisher_;
[15.804s]       |                     [01;31m[K^~~~~~~[m[K
[15.805s]       |                     [32m[Kbase_interfaces_demo::msg::Student[m[K
[15.807s] In file included from [01m[K/home/levi/tut_interface/install/base_interfaces_demo/include/base_interfaces_demo/base_interfaces_demo/msg/student.hpp:7[m[K,
[15.809s]                  from [01m[K/home/levi/tut_interface/src/cpp01_topic/src/demo_stu.cpp:2[m[K:
[15.810s] [01m[K/home/levi/tut_interface/install/base_interfaces_demo/include/base_interfaces_demo/base_interfaces_demo/msg/detail/student__struct.hpp:150:7:[m[K [01;36m[Knote: [m[Kâ€˜[01m[Kbase_interfaces_demo::msg::Student[m[Kâ€™ declared here
[15.812s]   150 | using [01;36m[KStudent[m[K =
[15.812s]       |       [01;36m[K^~~~~~~[m[K
[15.813s] [01m[K/home/levi/tut_interface/src/cpp01_topic/src/demo_stu.cpp:27:28:[m[K [01;31m[Kerror: [m[Ktemplate argument 1 is invalid
[15.813s]    27 |   rclcpp::Publisher<Student[01;31m[K>[m[K::SharedPtr publisher_;
[15.814s]       |                            [01;31m[K^[m[K
[15.814s] [01m[K/home/levi/tut_interface/src/cpp01_topic/src/demo_stu.cpp:27:31:[m[K [01;31m[Kerror: [m[Kexpected â€˜[01m[K;[m[Kâ€™ at end of member declaration
[15.814s]    27 |   rclcpp::Publisher<Student>::[01;31m[KSharedPtr[m[K publisher_;
[15.814s]       |                               [01;31m[K^~~~~~~~~[m[K
[15.814s]       |                                        [32m[K;[m[K
[15.821s] [01m[K/home/levi/tut_interface/src/cpp01_topic/src/demo_stu.cpp:27:41:[m[K [01;31m[Kerror: [m[Kâ€˜[01m[Kpublisher_[m[Kâ€™ does not name a type; did you mean â€˜[01m[Krmw_publisher_t[m[Kâ€™?
[15.827s]    27 |   rclcpp::Publisher<Student>::SharedPtr [01;31m[Kpublisher_[m[K;
[15.827s]       |                                         [01;31m[K^~~~~~~~~~[m[K
[15.827s]       |                                         [32m[Krmw_publisher_t[m[K
[15.836s] [01m[K/home/levi/tut_interface/src/cpp01_topic/src/demo_stu.cpp:[m[K In constructor â€˜[01m[KMinimalPublisher::MinimalPublisher()[m[Kâ€™:
[15.837s] [01m[K/home/levi/tut_interface/src/cpp01_topic/src/demo_stu.cpp:11:5:[m[K [01;31m[Kerror: [m[Kâ€˜[01m[Kpublisher_[m[Kâ€™ was not declared in this scope; did you mean â€˜[01m[Krmw_publisher_t[m[Kâ€™?
[15.838s]    11 |     [01;31m[Kpublisher_[m[K = this->create_publisher<Student>("topic_stu", 10);
[15.839s]       |     [01;31m[K^~~~~~~~~~[m[K
[15.840s]       |     [32m[Krmw_publisher_t[m[K
[15.840s] [01m[K/home/levi/tut_interface/src/cpp01_topic/src/demo_stu.cpp:11:41:[m[K [01;31m[Kerror: [m[Kâ€˜[01m[KStudent[m[Kâ€™ was not declared in this scope; did you mean â€˜[01m[Kbase_interfaces_demo::msg::Student[m[Kâ€™?
[15.841s]    11 |     publisher_ = this->create_publisher<[01;31m[KStudent[m[K>("topic_stu", 10);
[15.841s]       |                                         [01;31m[K^~~~~~~[m[K
[15.844s]       |                                         [32m[Kbase_interfaces_demo::msg::Student[m[K
[15.844s] In file included from [01m[K/home/levi/tut_interface/install/base_interfaces_demo/include/base_interfaces_demo/base_interfaces_demo/msg/student.hpp:7[m[K,
[15.846s]                  from [01m[K/home/levi/tut_interface/src/cpp01_topic/src/demo_stu.cpp:2[m[K:
[15.846s] [01m[K/home/levi/tut_interface/install/base_interfaces_demo/include/base_interfaces_demo/base_interfaces_demo/msg/detail/student__struct.hpp:150:7:[m[K [01;36m[Knote: [m[Kâ€˜[01m[Kbase_interfaces_demo::msg::Student[m[Kâ€™ declared here
[15.847s]   150 | using [01;36m[KStudent[m[K =
[15.847s]       |       [01;36m[K^~~~~~~[m[K
[15.848s] [01m[K/home/levi/tut_interface/src/cpp01_topic/src/demo_stu.cpp:11:49:[m[K [01;31m[Kerror: [m[Kno matching function for call to â€˜[01m[KMinimalPublisher::create_publisher<<expression error> >(const char [10], int)[m[Kâ€™
[15.848s]    11 |     publisher_ = [01;31m[Kthis->create_publisher<Student>("topic_stu", 10)[m[K;
[15.849s]       |                  [01;31m[K~~~~~~~~~~~~~~~~~~~~~~~~~~~~~~~^~~~~~~~~~~~~~~~~[m[K
[15.850s] In file included from [01m[K/opt/ros/humble/include/rclcpp/rclcpp/executors/single_threaded_executor.hpp:28[m[K,
[15.851s]                  from [01m[K/opt/ros/humble/include/rclcpp/rclcpp/executors.hpp:22[m[K,
[15.852s]                  from [01m[K/opt/ros/humble/include/rclcpp/rclcpp/rclcpp.hpp:155[m[K,
[15.852s]                  from [01m[K/home/levi/tut_interface/src/cpp01_topic/src/demo_stu.cpp:1[m[K:
[15.853s] [01m[K/opt/ros/humble/include/rclcpp/rclcpp/node.hpp:195:3:[m[K [01;36m[Knote: [m[Kcandidate: â€˜[01m[Ktemplate<class MessageT, class AllocatorT, class PublisherT> std::shared_ptr<PublisherT> rclcpp::Node::create_publisher(const string&, const rclcpp::QoS&, const rclcpp::PublisherOptionsWithAllocator<AllocatorT>&)[m[Kâ€™
[15.853s]   195 |   [01;36m[Kcreate_publisher[m[K(
[15.854s]       |   [01;36m[K^~~~~~~~~~~~~~~~[m[K
[15.855s] [01m[K/opt/ros/humble/include/rclcpp/rclcpp/node.hpp:195:3:[m[K [01;36m[Knote: [m[K  template argument deduction/substitution failed:
[15.855s] [01m[K/home/levi/tut_interface/src/cpp01_topic/src/demo_stu.cpp:11:49:[m[K [01;31m[Kerror: [m[Ktemplate argument 1 is invalid
[15.856s]    11 |     publisher_ = [01;31m[Kthis->create_publisher<Student>("topic_stu", 10)[m[K;
[15.860s]       |                  [01;31m[K~~~~~~~~~~~~~~~~~~~~~~~~~~~~~~~^~~~~~~~~~~~~~~~~[m[K
[15.879s] [01m[K/home/levi/tut_interface/src/cpp01_topic/src/demo_stu.cpp:[m[K In member function â€˜[01m[Kvoid MinimalPublisher::timer_callback()[m[Kâ€™:
[15.880s] [01m[K/home/levi/tut_interface/src/cpp01_topic/src/demo_stu.cpp:18:16:[m[K [01;31m[Kerror: [m[Kâ€˜[01m[KStudent[m[Kâ€™ was not declared in this scope; did you mean â€˜[01m[Kbase_interfaces_demo::msg::Student[m[Kâ€™?
[15.882s]    18 |     auto stu = [01;31m[KStudent[m[K();
[15.883s]       |                [01;31m[K^~~~~~~[m[K
[15.884s]       |                [32m[Kbase_interfaces_demo::msg::Student[m[K
[15.885s] In file included from [01m[K/home/levi/tut_interface/install/base_interfaces_demo/include/base_interfaces_demo/base_interfaces_demo/msg/student.hpp:7[m[K,
[15.885s]                  from [01m[K/home/levi/tut_interface/src/cpp01_topic/src/demo_stu.cpp:2[m[K:
[15.886s] [01m[K/home/levi/tut_interface/install/base_interfaces_demo/include/base_interfaces_demo/base_interfaces_demo/msg/detail/student__struct.hpp:150:7:[m[K [01;36m[Knote: [m[Kâ€˜[01m[Kbase_interfaces_demo::msg::Student[m[Kâ€™ declared here
[15.887s]   150 | using [01;36m[KStudent[m[K =
[15.887s]       |       [01;36m[K^~~~~~~[m[K
[15.888s] In file included from [01m[K/opt/ros/humble/include/rclcpp/rclcpp/client.hpp:40[m[K,
[15.892s]                  from [01m[K/opt/ros/humble/include/rclcpp/rclcpp/callback_group.hpp:24[m[K,
[15.894s]                  from [01m[K/opt/ros/humble/include/rclcpp/rclcpp/any_executable.hpp:20[m[K,
[15.897s]                  from [01m[K/opt/ros/humble/include/rclcpp/rclcpp/memory_strategy.hpp:25[m[K,
[15.897s]                  from [01m[K/opt/ros/humble/include/rclcpp/rclcpp/memory_strategies.hpp:18[m[K,
[15.897s]                  from [01m[K/opt/ros/humble/include/rclcpp/rclcpp/executor_options.hpp:20[m[K,
[15.898s]                  from [01m[K/opt/ros/humble/include/rclcpp/rclcpp/executor.hpp:37[m[K,
[15.898s]                  from [01m[K/opt/ros/humble/include/rclcpp/rclcpp/executors/multi_threaded_executor.hpp:25[m[K,
[15.898s]                  from [01m[K/opt/ros/humble/include/rclcpp/rclcpp/executors.hpp:21[m[K,
[15.899s]                  from [01m[K/opt/ros/humble/include/rclcpp/rclcpp/rclcpp.hpp:155[m[K,
[15.899s]                  from [01m[K/home/levi/tut_interface/src/cpp01_topic/src/demo_stu.cpp:1[m[K:
[15.900s] [01m[K/home/levi/tut_interface/src/cpp01_topic/src/demo_stu.cpp:22:33:[m[K [01;31m[Kerror: [m[Kno matching function for call to â€˜[01m[KMinimalPublisher::get_logger(const char [12])[m[Kâ€™
[15.900s]    22 |     RCLCPP_INFO([01;31m[Kthis->get_logger("logger name")[m[K,
[15.900s]       |                 [01;31m[K~~~~~~~~~~~~~~~~^~~~~~~~~~~~~~~[m[K
[15.901s] In file included from [01m[K/opt/ros/humble/include/rclcpp/rclcpp/executors/single_threaded_executor.hpp:28[m[K,
[15.901s]                  from [01m[K/opt/ros/humble/include/rclcpp/rclcpp/executors.hpp:22[m[K,
[15.901s]                  from [01m[K/opt/ros/humble/include/rclcpp/rclcpp/rclcpp.hpp:155[m[K,
[15.901s]                  from [01m[K/home/levi/tut_interface/src/cpp01_topic/src/demo_stu.cpp:1[m[K:
[15.902s] [01m[K/opt/ros/humble/include/rclcpp/rclcpp/node.hpp:142:3:[m[K [01;36m[Knote: [m[Kcandidate: â€˜[01m[Krclcpp::Logger rclcpp::Node::get_logger() const[m[Kâ€™
[15.902s]   142 |   [01;36m[Kget_logger[m[K() const;
[15.902s]       |   [01;36m[K^~~~~~~~~~[m[K
[15.902s] [01m[K/opt/ros/humble/include/rclcpp/rclcpp/node.hpp:142:3:[m[K [01;36m[Knote: [m[K  candidate expects 0 arguments, 1 provided
[15.903s] In file included from [01m[K/opt/ros/humble/include/rclcpp/rclcpp/client.hpp:40[m[K,
[15.903s]                  from [01m[K/opt/ros/humble/include/rclcpp/rclcpp/callback_group.hpp:24[m[K,
[15.903s]                  from [01m[K/opt/ros/humble/include/rclcpp/rclcpp/any_executable.hpp:20[m[K,
[15.904s]                  from [01m[K/opt/ros/humble/include/rclcpp/rclcpp/memory_strategy.hpp:25[m[K,
[15.904s]                  from [01m[K/opt/ros/humble/include/rclcpp/rclcpp/memory_strategies.hpp:18[m[K,
[15.904s]                  from [01m[K/opt/ros/humble/include/rclcpp/rclcpp/executor_options.hpp:20[m[K,
[15.905s]                  from [01m[K/opt/ros/humble/include/rclcpp/rclcpp/executor.hpp:37[m[K,
[15.905s]                  from [01m[K/opt/ros/humble/include/rclcpp/rclcpp/executors/multi_threaded_executor.hpp:25[m[K,
[15.905s]                  from [01m[K/opt/ros/humble/include/rclcpp/rclcpp/executors.hpp:21[m[K,
[15.905s]                  from [01m[K/opt/ros/humble/include/rclcpp/rclcpp/rclcpp.hpp:155[m[K,
[15.906s]                  from [01m[K/home/levi/tut_interface/src/cpp01_topic/src/demo_stu.cpp:1[m[K:
[15.906s] [01m[K/home/levi/tut_interface/src/cpp01_topic/src/demo_stu.cpp:22:33:[m[K [01;31m[Kerror: [m[Kno matching function for call to â€˜[01m[KMinimalPublisher::get_logger(const char [12])[m[Kâ€™
[15.906s]    22 |     RCLCPP_INFO([01;31m[Kthis->get_logger("logger name")[m[K,
[15.907s]       |                 [01;31m[K~~~~~~~~~~~~~~~~^~~~~~~~~~~~~~~[m[K
[15.907s] In file included from [01m[K/opt/ros/humble/include/rclcpp/rclcpp/executors/single_threaded_executor.hpp:28[m[K,
[15.907s]                  from [01m[K/opt/ros/humble/include/rclcpp/rclcpp/executors.hpp:22[m[K,
[15.907s]                  from [01m[K/opt/ros/humble/include/rclcpp/rclcpp/rclcpp.hpp:155[m[K,
[15.908s]                  from [01m[K/home/levi/tut_interface/src/cpp01_topic/src/demo_stu.cpp:1[m[K:
[15.908s] [01m[K/opt/ros/humble/include/rclcpp/rclcpp/node.hpp:142:3:[m[K [01;36m[Knote: [m[Kcandidate: â€˜[01m[Krclcpp::Logger rclcpp::Node::get_logger() const[m[Kâ€™
[15.908s]   142 |   [01;36m[Kget_logger[m[K() const;
[15.909s]       |   [01;36m[K^~~~~~~~~~[m[K
[15.910s] [01m[K/opt/ros/humble/include/rclcpp/rclcpp/node.hpp:142:3:[m[K [01;36m[Knote: [m[K  candidate expects 0 arguments, 1 provided
[15.910s] In file included from [01m[K/opt/ros/humble/include/rclcpp/rclcpp/client.hpp:40[m[K,
[15.910s]                  from [01m[K/opt/ros/humble/include/rclcpp/rclcpp/callback_group.hpp:24[m[K,
[15.911s]                  from [01m[K/opt/ros/humble/include/rclcpp/rclcpp/any_executable.hpp:20[m[K,
[15.912s]                  from [01m[K/opt/ros/humble/include/rclcpp/rclcpp/memory_strategy.hpp:25[m[K,
[15.913s]                  from [01m[K/opt/ros/humble/include/rclcpp/rclcpp/memory_strategies.hpp:18[m[K,
[15.913s]                  from [01m[K/opt/ros/humble/include/rclcpp/rclcpp/executor_options.hpp:20[m[K,
[15.913s]                  from [01m[K/opt/ros/humble/include/rclcpp/rclcpp/executor.hpp:37[m[K,
[15.913s]                  from [01m[K/opt/ros/humble/include/rclcpp/rclcpp/executors/multi_threaded_executor.hpp:25[m[K,
[15.914s]                  from [01m[K/opt/ros/humble/include/rclcpp/rclcpp/executors.hpp:21[m[K,
[15.914s]                  from [01m[K/opt/ros/humble/include/rclcpp/rclcpp/rclcpp.hpp:155[m[K,
[15.914s]                  from [01m[K/home/levi/tut_interface/src/cpp01_topic/src/demo_stu.cpp:1[m[K:
[15.915s] [01m[K/home/levi/tut_interface/src/cpp01_topic/src/demo_stu.cpp:22:5:[m[K [01;31m[Kerror: [m[Ktemplate argument 1 is invalid
[15.915s]    22 |     [01;31m[KRCLCPP_INFO[m[K(this->get_logger("logger name"),
[15.916s]       |     [01;31m[K^~~~~~~~~~~[m[K
[15.917s] [01m[K/home/levi/tut_interface/src/cpp01_topic/src/demo_stu.cpp:22:5:[m[K [01;31m[Kerror: [m[Kâ€˜[01m[K<declaration error>[m[Kâ€™ is not a template [[01;31m[K]8;;https://gcc.gnu.org/onlinedocs/gcc/Warning-Options.html#index-fpermissive-fpermissive]8;;[m[K]
[15.917s]    22 |     [01;31m[KRCLCPP_INFO[m[K(this->get_logger("logger name"),
[15.918s]       |     [01;31m[K^~~~~~~~~~~[m[K
[15.919s] [01m[K/home/levi/tut_interface/src/cpp01_topic/src/demo_stu.cpp:22:5:[m[K [01;31m[Kerror: [m[Ktemplate argument 1 is invalid
[15.919s]    22 |     [01;31m[KRCLCPP_INFO[m[K(this->get_logger("logger name"),
[15.920s]       |     [01;31m[K^~~~~~~~~~~[m[K
[15.921s] [01m[K/home/levi/tut_interface/src/cpp01_topic/src/demo_stu.cpp:22:5:[m[K [01;31m[Kerror: [m[Kâ€˜[01m[K<declaration error>[m[Kâ€™ is not a template [[01;31m[K]8;;https://gcc.gnu.org/onlinedocs/gcc/Warning-Options.html#index-fpermissive-fpermissive]8;;[m[K]
[15.921s]    22 |     [01;31m[KRCLCPP_INFO[m[K(this->get_logger("logger name"),
[15.922s]       |     [01;31m[K^~~~~~~~~~~[m[K
[15.922s] [01m[K/home/levi/tut_interface/src/cpp01_topic/src/demo_stu.cpp:22:5:[m[K [01;31m[Kerror: [m[Ktemplate argument 1 is invalid
[15.923s]    22 |     [01;31m[KRCLCPP_INFO[m[K(this->get_logger("logger name"),
[15.923s]       |     [01;31m[K^~~~~~~~~~~[m[K
[15.923s] In file included from [01m[K/opt/ros/humble/include/rclcpp/rclcpp/logging.hpp:24[m[K,
[15.923s]                  from [01m[K/opt/ros/humble/include/rclcpp/rclcpp/client.hpp:40[m[K,
[15.923s]                  from [01m[K/opt/ros/humble/include/rclcpp/rclcpp/callback_group.hpp:24[m[K,
[15.923s]                  from [01m[K/opt/ros/humble/include/rclcpp/rclcpp/any_executable.hpp:20[m[K,
[15.924s]                  from [01m[K/opt/ros/humble/include/rclcpp/rclcpp/memory_strategy.hpp:25[m[K,
[15.924s]                  from [01m[K/opt/ros/humble/include/rclcpp/rclcpp/memory_strategies.hpp:18[m[K,
[15.925s]                  from [01m[K/opt/ros/humble/include/rclcpp/rclcpp/executor_options.hpp:20[m[K,
[15.925s]                  from [01m[K/opt/ros/humble/include/rclcpp/rclcpp/executor.hpp:37[m[K,
[15.925s]                  from [01m[K/opt/ros/humble/include/rclcpp/rclcpp/executors/multi_threaded_executor.hpp:25[m[K,
[15.926s]                  from [01m[K/opt/ros/humble/include/rclcpp/rclcpp/executors.hpp:21[m[K,
[15.926s]                  from [01m[K/opt/ros/humble/include/rclcpp/rclcpp/rclcpp.hpp:155[m[K,
[15.927s]                  from [01m[K/home/levi/tut_interface/src/cpp01_topic/src/demo_stu.cpp:1[m[K:
[15.928s] [01m[K/home/levi/tut_interface/src/cpp01_topic/src/demo_stu.cpp:22:33:[m[K [01;31m[Kerror: [m[Kno matching function for call to â€˜[01m[KMinimalPublisher::get_logger(const char [12])[m[Kâ€™
[15.929s]    22 |     RCLCPP_INFO([01;31m[Kthis->get_logger("logger name")[m[K,
[15.929s]       |                 [01;31m[K~~~~~~~~~~~~~~~~^~~~~~~~~~~~~~~[m[K
[15.929s] In file included from [01m[K/opt/ros/humble/include/rclcpp/rclcpp/executors/single_threaded_executor.hpp:28[m[K,
[15.930s]                  from [01m[K/opt/ros/humble/include/rclcpp/rclcpp/executors.hpp:22[m[K,
[15.930s]                  from [01m[K/opt/ros/humble/include/rclcpp/rclcpp/rclcpp.hpp:155[m[K,
[15.931s]                  from [01m[K/home/levi/tut_interface/src/cpp01_topic/src/demo_stu.cpp:1[m[K:
[15.931s] [01m[K/opt/ros/humble/include/rclcpp/rclcpp/node.hpp:142:3:[m[K [01;36m[Knote: [m[Kcandidate: â€˜[01m[Krclcpp::Logger rclcpp::Node::get_logger() const[m[Kâ€™
[15.931s]   142 |   [01;36m[Kget_logger[m[K() const;
[15.932s]       |   [01;36m[K^~~~~~~~~~[m[K
[15.932s] [01m[K/opt/ros/humble/include/rclcpp/rclcpp/node.hpp:142:3:[m[K [01;36m[Knote: [m[K  candidate expects 0 arguments, 1 provided
[15.933s] In file included from [01m[K/opt/ros/humble/include/rclcpp/rclcpp/logging.hpp:24[m[K,
[15.933s]                  from [01m[K/opt/ros/humble/include/rclcpp/rclcpp/client.hpp:40[m[K,
[15.934s]                  from [01m[K/opt/ros/humble/include/rclcpp/rclcpp/callback_group.hpp:24[m[K,
[15.934s]                  from [01m[K/opt/ros/humble/include/rclcpp/rclcpp/any_executable.hpp:20[m[K,
[15.935s]                  from [01m[K/opt/ros/humble/include/rclcpp/rclcpp/memory_strategy.hpp:25[m[K,
[15.935s]                  from [01m[K/opt/ros/humble/include/rclcpp/rclcpp/memory_strategies.hpp:18[m[K,
[15.935s]                  from [01m[K/opt/ros/humble/include/rclcpp/rclcpp/executor_options.hpp:20[m[K,
[15.936s]                  from [01m[K/opt/ros/humble/include/rclcpp/rclcpp/executor.hpp:37[m[K,
[15.936s]                  from [01m[K/opt/ros/humble/include/rclcpp/rclcpp/executors/multi_threaded_executor.hpp:25[m[K,
[15.937s]                  from [01m[K/opt/ros/humble/include/rclcpp/rclcpp/executors.hpp:21[m[K,
[15.937s]                  from [01m[K/opt/ros/humble/include/rclcpp/rclcpp/rclcpp.hpp:155[m[K,
[15.937s]                  from [01m[K/home/levi/tut_interface/src/cpp01_topic/src/demo_stu.cpp:1[m[K:
[15.937s] [01m[K/home/levi/tut_interface/src/cpp01_topic/src/demo_stu.cpp:22:33:[m[K [01;31m[Kerror: [m[Kno matching function for call to â€˜[01m[KMinimalPublisher::get_logger(const char [12])[m[Kâ€™
[15.938s]    22 |     RCLCPP_INFO([01;31m[Kthis->get_logger("logger name")[m[K,
[15.938s]       |                 [01;31m[K~~~~~~~~~~~~~~~~^~~~~~~~~~~~~~~[m[K
[15.938s] In file included from [01m[K/opt/ros/humble/include/rclcpp/rclcpp/executors/single_threaded_executor.hpp:28[m[K,
[15.939s]                  from [01m[K/opt/ros/humble/include/rclcpp/rclcpp/executors.hpp:22[m[K,
[15.939s]                  from [01m[K/opt/ros/humble/include/rclcpp/rclcpp/rclcpp.hpp:155[m[K,
[15.939s]                  from [01m[K/home/levi/tut_interface/src/cpp01_topic/src/demo_stu.cpp:1[m[K:
[15.939s] [01m[K/opt/ros/humble/include/rclcpp/rclcpp/node.hpp:142:3:[m[K [01;36m[Knote: [m[Kcandidate: â€˜[01m[Krclcpp::Logger rclcpp::Node::get_logger() const[m[Kâ€™
[15.940s]   142 |   [01;36m[Kget_logger[m[K() const;
[15.940s]       |   [01;36m[K^~~~~~~~~~[m[K
[15.940s] [01m[K/opt/ros/humble/include/rclcpp/rclcpp/node.hpp:142:3:[m[K [01;36m[Knote: [m[K  candidate expects 0 arguments, 1 provided
[15.940s] [01m[K/home/levi/tut_interface/src/cpp01_topic/src/demo_stu.cpp:24:5:[m[K [01;31m[Kerror: [m[Kâ€˜[01m[Kpublisher_[m[Kâ€™ was not declared in this scope; did you mean â€˜[01m[Krmw_publisher_t[m[Kâ€™?
[15.941s]    24 |     [01;31m[Kpublisher_[m[K->publish(stu);
[15.941s]       |     [01;31m[K^~~~~~~~~~[m[K
[15.941s]       |     [32m[Krmw_publisher_t[m[K
[17.635s] gmake[2]: *** [CMakeFiles/demo_stu.dir/build.make:76: CMakeFiles/demo_stu.dir/src/demo_stu.cpp.o] Error 1
[17.637s] gmake[1]: *** [CMakeFiles/Makefile2:165: CMakeFiles/demo_stu.dir/all] Error 2
[17.637s] gmake: *** [Makefile:146: all] Error 2
[17.652s] Invoked command in '/home/levi/tut_interface/build/cpp01_topic' returned '2': CMAKE_PREFIX_PATH=/home/levi/tut_interface/install/base_interfaces_demo:/home/levi/tut_interface/install/cpp01_topic:/opt/ros/humble /usr/bin/cmake --build /home/levi/tut_interface/build/cpp01_topic -- -j6 -l6
