[35m[1mConsolidate compiler generated dependencies of target demo01_param_server[0m
[35m[1mConsolidate compiler generated dependencies of target demo02_param_client[0m
[ 33%] Built target demo00_param
[ 50%] [32mBuilding CXX object CMakeFiles/demo01_param_server.dir/src/demo01_param_server.cpp.o[0m
[ 83%] Built target demo02_param_client
In file included from [01m[K/opt/ros/humble/include/rclcpp/rclcpp/client.hpp:40[m[K,
                 from [01m[K/opt/ros/humble/include/rclcpp/rclcpp/callback_group.hpp:24[m[K,
                 from [01m[K/opt/ros/humble/include/rclcpp/rclcpp/any_executable.hpp:20[m[K,
                 from [01m[K/opt/ros/humble/include/rclcpp/rclcpp/memory_strategy.hpp:25[m[K,
                 from [01m[K/opt/ros/humble/include/rclcpp/rclcpp/memory_strategies.hpp:18[m[K,
                 from [01m[K/opt/ros/humble/include/rclcpp/rclcpp/executor_options.hpp:20[m[K,
                 from [01m[K/opt/ros/humble/include/rclcpp/rclcpp/executor.hpp:37[m[K,
                 from [01m[K/opt/ros/humble/include/rclcpp/rclcpp/executors/multi_threaded_executor.hpp:25[m[K,
                 from [01m[K/opt/ros/humble/include/rclcpp/rclcpp/executors.hpp:21[m[K,
                 from [01m[K/opt/ros/humble/include/rclcpp/rclcpp/rclcpp.hpp:155[m[K,
                 from [01m[K/home/levi/tut_interface/src/cpp04_param/src/demo01_param_server.cpp:1[m[K:
[01m[K/home/levi/tut_interface/src/cpp04_param/src/demo01_param_server.cpp:[m[K In member function â€˜[01m[Kvoid MinimalParamServer::get_param()[m[Kâ€™:
[01m[K/home/levi/tut_interface/src/cpp04_param/src/demo01_param_server.cpp:23:9:[m[K [01;31m[Kerror: [m[Kinvalid use of non-static member function â€˜[01m[Krclcpp::Logger rclcpp::Node::get_logger() const[m[Kâ€™
   23 |         [01;31m[KRCLCPP_INFO[m[K(this->get_logger,"car_name %s",p.as_string().c_str());
      |         [01;31m[K^~~~~~~~~~~[m[K
In file included from [01m[K/opt/ros/humble/include/rclcpp/rclcpp/executors/single_threaded_executor.hpp:28[m[K,
                 from [01m[K/opt/ros/humble/include/rclcpp/rclcpp/executors.hpp:22[m[K,
                 from [01m[K/opt/ros/humble/include/rclcpp/rclcpp/rclcpp.hpp:155[m[K,
                 from [01m[K/home/levi/tut_interface/src/cpp04_param/src/demo01_param_server.cpp:1[m[K:
[01m[K/opt/ros/humble/include/rclcpp/rclcpp/node.hpp:142:3:[m[K [01;36m[Knote: [m[Kdeclared here
  142 |   [01;36m[Kget_logger[m[K() const;
      |   [01;36m[K^~~~~~~~~~[m[K
In file included from [01m[K/opt/ros/humble/include/rclcpp/rclcpp/client.hpp:40[m[K,
                 from [01m[K/opt/ros/humble/include/rclcpp/rclcpp/callback_group.hpp:24[m[K,
                 from [01m[K/opt/ros/humble/include/rclcpp/rclcpp/any_executable.hpp:20[m[K,
                 from [01m[K/opt/ros/humble/include/rclcpp/rclcpp/memory_strategy.hpp:25[m[K,
                 from [01m[K/opt/ros/humble/include/rclcpp/rclcpp/memory_strategies.hpp:18[m[K,
                 from [01m[K/opt/ros/humble/include/rclcpp/rclcpp/executor_options.hpp:20[m[K,
                 from [01m[K/opt/ros/humble/include/rclcpp/rclcpp/executor.hpp:37[m[K,
                 from [01m[K/opt/ros/humble/include/rclcpp/rclcpp/executors/multi_threaded_executor.hpp:25[m[K,
                 from [01m[K/opt/ros/humble/include/rclcpp/rclcpp/executors.hpp:21[m[K,
                 from [01m[K/opt/ros/humble/include/rclcpp/rclcpp/rclcpp.hpp:155[m[K,
                 from [01m[K/home/levi/tut_interface/src/cpp04_param/src/demo01_param_server.cpp:1[m[K:
[01m[K/home/levi/tut_interface/src/cpp04_param/src/demo01_param_server.cpp:23:9:[m[K [01;31m[Kerror: [m[Ktemplate argument 1 is invalid
   23 |         [01;31m[KRCLCPP_INFO[m[K(this->get_logger,"car_name %s",p.as_string().c_str());
      |         [01;31m[K^~~~~~~~~~~[m[K
[01m[K/home/levi/tut_interface/src/cpp04_param/src/demo01_param_server.cpp:23:9:[m[K [01;31m[Kerror: [m[Kâ€˜[01m[K<declaration error>[m[Kâ€™ is not a template [[01;31m[K]8;;https://gcc.gnu.org/onlinedocs/gcc/Warning-Options.html#index-fpermissive-fpermissive]8;;[m[K]
   23 |         [01;31m[KRCLCPP_INFO[m[K(this->get_logger,"car_name %s",p.as_string().c_str());
      |         [01;31m[K^~~~~~~~~~~[m[K
[01m[K/home/levi/tut_interface/src/cpp04_param/src/demo01_param_server.cpp:23:9:[m[K [01;31m[Kerror: [m[Ktemplate argument 1 is invalid
   23 |         [01;31m[KRCLCPP_INFO[m[K(this->get_logger,"car_name %s",p.as_string().c_str());
      |         [01;31m[K^~~~~~~~~~~[m[K
[01m[K/home/levi/tut_interface/src/cpp04_param/src/demo01_param_server.cpp:23:9:[m[K [01;31m[Kerror: [m[Kâ€˜[01m[K<declaration error>[m[Kâ€™ is not a template [[01;31m[K]8;;https://gcc.gnu.org/onlinedocs/gcc/Warning-Options.html#index-fpermissive-fpermissive]8;;[m[K]
   23 |         [01;31m[KRCLCPP_INFO[m[K(this->get_logger,"car_name %s",p.as_string().c_str());
      |         [01;31m[K^~~~~~~~~~~[m[K
[01m[K/home/levi/tut_interface/src/cpp04_param/src/demo01_param_server.cpp:23:9:[m[K [01;31m[Kerror: [m[Ktemplate argument 1 is invalid
   23 |         [01;31m[KRCLCPP_INFO[m[K(this->get_logger,"car_name %s",p.as_string().c_str());
      |         [01;31m[K^~~~~~~~~~~[m[K
In file included from [01m[K/opt/ros/humble/include/rclcpp/rclcpp/logging.hpp:24[m[K,
                 from [01m[K/opt/ros/humble/include/rclcpp/rclcpp/client.hpp:40[m[K,
                 from [01m[K/opt/ros/humble/include/rclcpp/rclcpp/callback_group.hpp:24[m[K,
                 from [01m[K/opt/ros/humble/include/rclcpp/rclcpp/any_executable.hpp:20[m[K,
                 from [01m[K/opt/ros/humble/include/rclcpp/rclcpp/memory_strategy.hpp:25[m[K,
                 from [01m[K/opt/ros/humble/include/rclcpp/rclcpp/memory_strategies.hpp:18[m[K,
                 from [01m[K/opt/ros/humble/include/rclcpp/rclcpp/executor_options.hpp:20[m[K,
                 from [01m[K/opt/ros/humble/include/rclcpp/rclcpp/executor.hpp:37[m[K,
                 from [01m[K/opt/ros/humble/include/rclcpp/rclcpp/executors/multi_threaded_executor.hpp:25[m[K,
                 from [01m[K/opt/ros/humble/include/rclcpp/rclcpp/executors.hpp:21[m[K,
                 from [01m[K/opt/ros/humble/include/rclcpp/rclcpp/rclcpp.hpp:155[m[K,
                 from [01m[K/home/levi/tut_interface/src/cpp04_param/src/demo01_param_server.cpp:1[m[K:
[01m[K/home/levi/tut_interface/src/cpp04_param/src/demo01_param_server.cpp:23:27:[m[K [01;31m[Kerror: [m[Kinvalid use of member function â€˜[01m[Krclcpp::Logger rclcpp::Node::get_logger() const[m[Kâ€™ (did you forget the â€˜[01m[K()[m[Kâ€™ ?)
   23 |         RCLCPP_INFO(this->[01;31m[Kg[m[Ket_logger,"car_name %s",p.as_string().c_str());
      |                           [01;31m[K^[m[K
[01m[K/home/levi/tut_interface/src/cpp04_param/src/demo01_param_server.cpp:23:27:[m[K [01;31m[Kerror: [m[Kinvalid use of member function â€˜[01m[Krclcpp::Logger rclcpp::Node::get_logger() const[m[Kâ€™ (did you forget the â€˜[01m[K()[m[Kâ€™ ?)
   23 |         RCLCPP_INFO(this->[01;31m[Kg[m[Ket_logger,"car_name %s",p.as_string().c_str());
      |                           [01;31m[K^[m[K
[01m[K/home/levi/tut_interface/src/cpp04_param/src/demo01_param_server.cpp:23:52:[m[K [01;31m[Kerror: [m[Kâ€˜[01m[Kp[m[Kâ€™ was not declared in this scope
   23 |         RCLCPP_INFO(this->get_logger,"car_name %s",[01;31m[Kp[m[K.as_string().c_str());
      |                                                    [01;31m[K^[m[K
gmake[2]: *** [CMakeFiles/demo01_param_server.dir/build.make:76: CMakeFiles/demo01_param_server.dir/src/demo01_param_server.cpp.o] Error 1
gmake[1]: *** [CMakeFiles/Makefile2:141: CMakeFiles/demo01_param_server.dir/all] Error 2
gmake: *** [Makefile:146: all] Error 2
