[0.091s] Invoking command in '/home/levi/tut_interface/build/cpp04_param': CMAKE_PREFIX_PATH=${CMAKE_PREFIX_PATH}:/opt/ros/humble /usr/bin/cmake --build /home/levi/tut_interface/build/cpp04_param -- -j6 -l6
[0.436s] [35m[1mConsolidate compiler generated dependencies of target demo01_param_server[0m
[0.543s] [ 33%] Built target demo02_param_client
[0.607s] [ 66%] Built target demo00_param
[0.675s] [ 83%] [32mBuilding CXX object CMakeFiles/demo01_param_server.dir/src/demo01_param_server.cpp.o[0m
[10.388s] In file included from [01m[K/opt/ros/humble/include/rclcpp/rclcpp/logging.hpp:24[m[K,
[10.389s]                  from [01m[K/opt/ros/humble/include/rclcpp/rclcpp/client.hpp:40[m[K,
[10.389s]                  from [01m[K/opt/ros/humble/include/rclcpp/rclcpp/callback_group.hpp:24[m[K,
[10.390s]                  from [01m[K/opt/ros/humble/include/rclcpp/rclcpp/any_executable.hpp:20[m[K,
[10.391s]                  from [01m[K/opt/ros/humble/include/rclcpp/rclcpp/memory_strategy.hpp:25[m[K,
[10.391s]                  from [01m[K/opt/ros/humble/include/rclcpp/rclcpp/memory_strategies.hpp:18[m[K,
[10.392s]                  from [01m[K/opt/ros/humble/include/rclcpp/rclcpp/executor_options.hpp:20[m[K,
[10.392s]                  from [01m[K/opt/ros/humble/include/rclcpp/rclcpp/executor.hpp:37[m[K,
[10.393s]                  from [01m[K/opt/ros/humble/include/rclcpp/rclcpp/executors/multi_threaded_executor.hpp:25[m[K,
[10.393s]                  from [01m[K/opt/ros/humble/include/rclcpp/rclcpp/executors.hpp:21[m[K,
[10.394s]                  from [01m[K/opt/ros/humble/include/rclcpp/rclcpp/rclcpp.hpp:155[m[K,
[10.395s]                  from [01m[K/home/levi/tut_interface/src/cpp04_param/src/demo01_param_server.cpp:1[m[K:
[10.395s] [01m[K/home/levi/tut_interface/src/cpp04_param/src/demo01_param_server.cpp:[m[K In member function â€˜[01m[Kvoid MinimalParamServer::get_param()[m[Kâ€™:
[10.396s] [01m[K/home/levi/tut_interface/src/cpp04_param/src/demo01_param_server.cpp:23:54:[m[K [01;31m[Kerror: [m[Kâ€˜[01m[Kp[m[Kâ€™ was not declared in this scope
[10.396s]    23 |         RCLCPP_INFO(this->get_logger(),"car_name %s",[01;31m[Kp[m[K.as_string().c_str());
[10.397s]       |                                                      [01;31m[K^[m[K
[11.631s] gmake[2]: *** [CMakeFiles/demo01_param_server.dir/build.make:76: CMakeFiles/demo01_param_server.dir/src/demo01_param_server.cpp.o] Error 1
[11.631s] gmake[1]: *** [CMakeFiles/Makefile2:141: CMakeFiles/demo01_param_server.dir/all] Error 2
[11.634s] gmake: *** [Makefile:146: all] Error 2
[11.662s] Invoked command in '/home/levi/tut_interface/build/cpp04_param' returned '2': CMAKE_PREFIX_PATH=${CMAKE_PREFIX_PATH}:/opt/ros/humble /usr/bin/cmake --build /home/levi/tut_interface/build/cpp04_param -- -j6 -l6
