[35m[1mConsolidate compiler generated dependencies of target exe03_client[0m
[ 25%] Built target exe02_server
[ 50%] Built target exe01_pub_sub
[ 75%] Built target basic_node
[ 87%] [32mBuilding CXX object CMakeFiles/exe03_client.dir/src/exe03_client.cpp.o[0m
[01m[K/home/levi/tut_interface/src/cpp07_exercise/src/exe03_client.cpp:4:12:[m[K [01;31m[Kerror: [m[Kusing-declaration may not name namespace â€˜[01m[Kstd::literals::chrono_literals[m[Kâ€™
    4 | using std::[01;31m[Kchrono_literals[m[K
      |            [01;31m[K^~~~~~~~~~~~~~~[m[K
[01m[K/home/levi/tut_interface/src/cpp07_exercise/src/exe03_client.cpp:4:27:[m[K [01;31m[Kerror: [m[Kexpected â€˜[01m[K;[m[Kâ€™ before â€˜[01m[Kclass[m[Kâ€™
    4 | using std::chrono_literals
      |                           [01;31m[K^[m[K
      |                           [32m[K;[m[K
    5 | [32m[Kclass[m[K Exe03Client : public rclcpp::Node
      | [32m[K~~~~~[m[K                      
[01m[K/home/levi/tut_interface/src/cpp07_exercise/src/exe03_client.cpp:[m[K In member function â€˜[01m[Kbool Exe03Client::connect_server()[m[Kâ€™:
[01m[K/home/levi/tut_interface/src/cpp07_exercise/src/exe03_client.cpp:14:17:[m[K [01;31m[Kerror: [m[Kâ€˜[01m[Kdistance_client[m[Kâ€™ was not declared in this scope
   14 |         while (![01;31m[Kdistance_client[m[K->wait_for_service(1s))
      |                 [01;31m[K^~~~~~~~~~~~~~~[m[K
[01m[K/home/levi/tut_interface/src/cpp07_exercise/src/exe03_client.cpp:14:51:[m[K [01;31m[Kerror: [m[Kunable to find numeric literal operator â€˜[01m[Koperator""s[m[Kâ€™
   14 |         while (!distance_client->wait_for_service([01;31m[K1s[m[K))
      |                                                   [01;31m[K^~[m[K
[01m[K/home/levi/tut_interface/src/cpp07_exercise/src/exe03_client.cpp:[m[K In function â€˜[01m[Kint main(int, char**)[m[Kâ€™:
[01m[K/home/levi/tut_interface/src/cpp07_exercise/src/exe03_client.cpp:62:5:[m[K [01;31m[Kerror: [m[Kexpected â€˜[01m[K;[m[Kâ€™ before â€˜[01m[Krclcpp[m[Kâ€™
   62 |     [01;31m[Krclcpp[m[K::shutdown();
      |     [01;31m[K^~~~~~[m[K
gmake[2]: *** [CMakeFiles/exe03_client.dir/build.make:76ï¼šCMakeFiles/exe03_client.dir/src/exe03_client.cpp.o] é”™è¯¯ 1
gmake[1]: *** [CMakeFiles/Makefile2:221ï¼šCMakeFiles/exe03_client.dir/all] é”™è¯¯ 2
gmake: *** [Makefile:146ï¼šall] é”™è¯¯ 2
