[01m[K/home/levi/tut_interface/src/cpp07_exercise/src/exe03_client.cpp:[m[K In member function ‘[01m[Kbool Exe03Client::connect_server()[m[K’:
[01m[K/home/levi/tut_interface/src/cpp07_exercise/src/exe03_client.cpp:13:17:[m[K [01;31m[Kerror: [m[K‘[01m[Kdistance_client[m[K’ was not declared in this scope
   13 |         while (![01;31m[Kdistance_client[m[K->wait_for_service(1s))
      |                 [01;31m[K^~~~~~~~~~~~~~~[m[K
[01m[K/home/levi/tut_interface/src/cpp07_exercise/src/exe03_client.cpp:13:51:[m[K [01;31m[Kerror: [m[Kunable to find numeric literal operator ‘[01m[Koperator""s[m[K’
   13 |         while (!distance_client->wait_for_service([01;31m[K1s[m[K))
      |                                                   [01;31m[K^~[m[K
In file included from [01m[K/opt/ros/humble/include/rclcpp/rclcpp/client.hpp:40[m[K,
                 from [01m[K/opt/ros/humble/include/rclcpp/rclcpp/callback_group.hpp:24[m[K,
                 from [01m[K/opt/ros/humble/include/rclcpp/rclcpp/any_executable.hpp:20[m[K,
                 from [01m[K/opt/ros/humble/include/rclcpp/rclcpp/memory_strategy.hpp:25[m[K,
                 from [01m[K/opt/ros/humble/include/rclcpp/rclcpp/memory_strategies.hpp:18[m[K,
                 from [01m[K/opt/ros/humble/include/rclcpp/rclcpp/executor_options.hpp:20[m[K,
                 from [01m[K/opt/ros/humble/include/rclcpp/rclcpp/executor.hpp:37[m[K,
                 from [01m[K/opt/ros/humble/include/rclcpp/rclcpp/executors/multi_threaded_executor.hpp:25[m[K,
                 from [01m[K/opt/ros/humble/include/rclcpp/rclcpp/executors.hpp:21[m[K,
                 from [01m[K/opt/ros/humble/include/rclcpp/rclcpp/rclcpp.hpp:155[m[K,
                 from [01m[K/home/levi/tut_interface/src/cpp07_exercise/src/exe03_client.cpp:1[m[K:
[01m[K/home/levi/tut_interface/src/cpp07_exercise/src/exe03_client.cpp:[m[K In function ‘[01m[Kint main(int, char**)[m[K’:
[01m[K/home/levi/tut_interface/src/cpp07_exercise/src/exe03_client.cpp:58:21:[m[K [01;31m[Kerror: [m[K‘[01m[Kclient[m[K’ was not declared in this scope
   58 |         RCLCPP_INFO([01;31m[Kclient[m[K->get_logger(), "两只乌龟相距%.2f米。", future.get()->distance);
      |                     [01;31m[K^~~~~~[m[K
[01m[K/home/levi/tut_interface/src/cpp07_exercise/src/exe03_client.cpp:58:9:[m[K [01;31m[Kerror: [m[Ktemplate argument 1 is invalid
   58 |         [01;31m[KRCLCPP_INFO[m[K(client->get_logger(), "两只乌龟相距%.2f米。", future.get()->distance);
      |         [01;31m[K^~~~~~~~~~~[m[K
[01m[K/home/levi/tut_interface/src/cpp07_exercise/src/exe03_client.cpp:58:9:[m[K [01;31m[Kerror: [m[K‘[01m[K<declaration error>[m[K’ is not a template [[01;31m[K]8;;https://gcc.gnu.org/onlinedocs/gcc/Warning-Options.html#index-fpermissive-fpermissive]8;;[m[K]
   58 |         [01;31m[KRCLCPP_INFO[m[K(client->get_logger(), "两只乌龟相距%.2f米。", future.get()->distance);
      |         [01;31m[K^~~~~~~~~~~[m[K
[01m[K/home/levi/tut_interface/src/cpp07_exercise/src/exe03_client.cpp:58:9:[m[K [01;31m[Kerror: [m[Ktemplate argument 1 is invalid
   58 |         [01;31m[KRCLCPP_INFO[m[K(client->get_logger(), "两只乌龟相距%.2f米。", future.get()->distance);
      |         [01;31m[K^~~~~~~~~~~[m[K
[01m[K/home/levi/tut_interface/src/cpp07_exercise/src/exe03_client.cpp:58:9:[m[K [01;31m[Kerror: [m[K‘[01m[K<declaration error>[m[K’ is not a template [[01;31m[K]8;;https://gcc.gnu.org/onlinedocs/gcc/Warning-Options.html#index-fpermissive-fpermissive]8;;[m[K]
   58 |         [01;31m[KRCLCPP_INFO[m[K(client->get_logger(), "两只乌龟相距%.2f米。", future.get()->distance);
      |         [01;31m[K^~~~~~~~~~~[m[K
[01m[K/home/levi/tut_interface/src/cpp07_exercise/src/exe03_client.cpp:58:9:[m[K [01;31m[Kerror: [m[Ktemplate argument 1 is invalid
   58 |         [01;31m[KRCLCPP_INFO[m[K(client->get_logger(), "两只乌龟相距%.2f米。", future.get()->distance);
      |         [01;31m[K^~~~~~~~~~~[m[K
[01m[K/home/levi/tut_interface/src/cpp07_exercise/src/exe03_client.cpp:60:21:[m[K [01;31m[Kerror: [m[K‘[01m[Kclient[m[K’ was not declared in this scope
   60 |         RCLCPP_INFO([01;31m[Kclient[m[K->get_logger(), "获取距离服务失败!")
      |                     [01;31m[K^~~~~~[m[K
[01m[K/home/levi/tut_interface/src/cpp07_exercise/src/exe03_client.cpp:60:9:[m[K [01;31m[Kerror: [m[Ktemplate argument 1 is invalid
   60 |         [01;31m[KRCLCPP_INFO[m[K(client->get_logger(), "获取距离服务失败!")
      |         [01;31m[K^~~~~~~~~~~[m[K
[01m[K/home/levi/tut_interface/src/cpp07_exercise/src/exe03_client.cpp:60:9:[m[K [01;31m[Kerror: [m[K‘[01m[K<declaration error>[m[K’ is not a template [[01;31m[K]8;;https://gcc.gnu.org/onlinedocs/gcc/Warning-Options.html#index-fpermissive-fpermissive]8;;[m[K]
   60 |         [01;31m[KRCLCPP_INFO[m[K(client->get_logger(), "获取距离服务失败!")
      |         [01;31m[K^~~~~~~~~~~[m[K
[01m[K/home/levi/tut_interface/src/cpp07_exercise/src/exe03_client.cpp:60:9:[m[K [01;31m[Kerror: [m[Ktemplate argument 1 is invalid
   60 |         [01;31m[KRCLCPP_INFO[m[K(client->get_logger(), "获取距离服务失败!")
      |         [01;31m[K^~~~~~~~~~~[m[K
[01m[K/home/levi/tut_interface/src/cpp07_exercise/src/exe03_client.cpp:60:9:[m[K [01;31m[Kerror: [m[K‘[01m[K<declaration error>[m[K’ is not a template [[01;31m[K]8;;https://gcc.gnu.org/onlinedocs/gcc/Warning-Options.html#index-fpermissive-fpermissive]8;;[m[K]
   60 |         [01;31m[KRCLCPP_INFO[m[K(client->get_logger(), "获取距离服务失败!")
      |         [01;31m[K^~~~~~~~~~~[m[K
[01m[K/home/levi/tut_interface/src/cpp07_exercise/src/exe03_client.cpp:60:9:[m[K [01;31m[Kerror: [m[Ktemplate argument 1 is invalid
   60 |         [01;31m[KRCLCPP_INFO[m[K(client->get_logger(), "获取距离服务失败!")
      |         [01;31m[K^~~~~~~~~~~[m[K
[01m[K/home/levi/tut_interface/src/cpp07_exercise/src/exe03_client.cpp:61:5:[m[K [01;31m[Kerror: [m[Kexpected ‘[01m[K;[m[K’ before ‘[01m[Krclcpp[m[K’
   61 |     [01;31m[Krclcpp[m[K::shutdown();
      |     [01;31m[K^~~~~~[m[K
gmake[2]: *** [CMakeFiles/exe03_client.dir/build.make:76：CMakeFiles/exe03_client.dir/src/exe03_client.cpp.o] 错误 1
gmake[1]: *** [CMakeFiles/Makefile2:221：CMakeFiles/exe03_client.dir/all] 错误 2
gmake: *** [Makefile:146：all] 错误 2
