-- Found ament_cmake: 1.3.3 (/opt/ros/humble/share/ament_cmake/cmake)
-- Found rclcpp: 16.0.3 (/opt/ros/humble/share/rclcpp/cmake)
-- Found rosidl_generator_c: 3.1.4 (/opt/ros/humble/share/rosidl_generator_c/cmake)
-- Found rosidl_adapter: 3.1.4 (/opt/ros/humble/share/rosidl_adapter/cmake)
-- Found rosidl_generator_cpp: 3.1.4 (/opt/ros/humble/share/rosidl_generator_cpp/cmake)
-- Using all available rosidl_typesupport_c: rosidl_typesupport_fastrtps_c;rosidl_typesupport_introspection_c
-- Using all available rosidl_typesupport_cpp: rosidl_typesupport_fastrtps_cpp;rosidl_typesupport_introspection_cpp
-- Found rmw_implementation_cmake: 6.1.1 (/opt/ros/humble/share/rmw_implementation_cmake/cmake)
-- Found rmw_fastrtps_cpp: 6.2.2 (/opt/ros/humble/share/rmw_fastrtps_cpp/cmake)
-- Using RMW implementation 'rmw_fastrtps_cpp' as default
-- Found turtlesim: 1.4.2 (/opt/ros/humble/share/turtlesim/cmake)
-- Found base_interfaces_demo: 0.0.0 (/home/levi/tut_interface/install/base_interfaces_demo/share/base_interfaces_demo/cmake)
-- Found geometry_msgs: 4.2.3 (/opt/ros/humble/share/geometry_msgs/cmake)
-- Found rclcpp_action: 16.0.3 (/opt/ros/humble/share/rclcpp_action/cmake)
-- Found ament_lint_auto: 0.12.5 (/opt/ros/humble/share/ament_lint_auto/cmake)
-- Added test 'cppcheck' to perform static code analysis on C / C++ code
-- Configured cppcheck include dirs: $<BUILD_INTERFACE:/home/levi/tut_interface/src/cpp07_exercise/include>
-- Configured cppcheck exclude dirs and/or files: 
-- Added test 'flake8' to check Python code syntax and style conventions
-- Added test 'lint_cmake' to check CMake code style
-- Added test 'pep257' to check Python code against some of the docstring style conventions in PEP 257
-- Added test 'uncrustify' to check C / C++ code style
-- Configured uncrustify additional arguments: 
-- Added test 'xmllint' to check XML markup files
-- Configuring done
-- Generating done
-- Build files have been written to: /home/levi/tut_interface/build/cpp07_exercise
[35m[1mConsolidate compiler generated dependencies of target basic_node[0m
[35m[1mConsolidate compiler generated dependencies of target exe02_server[0m
[35m[1mConsolidate compiler generated dependencies of target exe03_client[0m
[35m[1mConsolidate compiler generated dependencies of target exe01_pub_sub[0m
[ 12%] [32m[1mLinking CXX executable exe02_server[0m
[ 25%] [32m[1mLinking CXX executable basic_node[0m
[ 37%] [32mBuilding CXX object CMakeFiles/exe03_client.dir/src/exe03_client.cpp.o[0m
[ 62%] Built target exe01_pub_sub
[ 75%] Built target exe02_server
[ 87%] Built target basic_node
[01m[K/home/levi/tut_interface/src/cpp07_exercise/src/exe03_client.cpp:[m[K In member function â€˜[01m[Kbool Exe03Client::connect_server()[m[Kâ€™:
[01m[K/home/levi/tut_interface/src/cpp07_exercise/src/exe03_client.cpp:13:17:[m[K [01;31m[Kerror: [m[Kâ€˜[01m[Kdistance_client[m[Kâ€™ was not declared in this scope
   13 |         while (![01;31m[Kdistance_client[m[K->wait_for_service(1s))
      |                 [01;31m[K^~~~~~~~~~~~~~~[m[K
[01m[K/home/levi/tut_interface/src/cpp07_exercise/src/exe03_client.cpp:13:51:[m[K [01;31m[Kerror: [m[Kunable to find numeric literal operator â€˜[01m[Koperator""s[m[Kâ€™
   13 |         while (!distance_client->wait_for_service([01;31m[K1s[m[K))
      |                                                   [01;31m[K^~[m[K
In file included from [01m[K/opt/ros/humble/include/rclcpp/rclcpp/client.hpp:40[m[K,
                 from [01m[K/opt/ros/humble/include/rclcpp/rclcpp/callback_group.hpp:24[m[K,
                 from [01m[K/opt/ros/humble/include/rclcpp/rclcpp/any_executable.hpp:20[m[K,
                 from [01m[K/opt/ros/humble/include/rclcpp/rclcpp/memory_strategy.hpp:25[m[K,
                 from [01m[K/opt/ros/humble/include/rclcpp/rclcpp/memory_strategies.hpp:18[m[K,
                 from [01m[K/opt/ros/humble/include/rclcpp/rclcpp/executor_options.hpp:20[m[K,
                 from [01m[K/opt/ros/humble/include/rclcpp/rclcpp/executor.hpp:37[m[K,
                 from [01m[K/opt/ros/humble/include/rclcpp/rclcpp/executors/multi_threaded_executor.hpp:25[m[K,
                 from [01m[K/opt/ros/humble/include/rclcpp/rclcpp/executors.hpp:21[m[K,
                 from [01m[K/opt/ros/humble/include/rclcpp/rclcpp/rclcpp.hpp:155[m[K,
                 from [01m[K/home/levi/tut_interface/src/cpp07_exercise/src/exe03_client.cpp:1[m[K:
[01m[K/home/levi/tut_interface/src/cpp07_exercise/src/exe03_client.cpp:[m[K In function â€˜[01m[Kint main(int, char**)[m[Kâ€™:
[01m[K/home/levi/tut_interface/src/cpp07_exercise/src/exe03_client.cpp:58:21:[m[K [01;31m[Kerror: [m[Kâ€˜[01m[Kclient[m[Kâ€™ was not declared in this scope
   58 |         RCLCPP_INFO([01;31m[Kclient[m[K->get_logger(), "ä¸¤åªä¹Œé¾Ÿç›¸è·%.2fç±³ã€‚", future.get()->distance);
      |                     [01;31m[K^~~~~~[m[K
[01m[K/home/levi/tut_interface/src/cpp07_exercise/src/exe03_client.cpp:58:9:[m[K [01;31m[Kerror: [m[Ktemplate argument 1 is invalid
   58 |         [01;31m[KRCLCPP_INFO[m[K(client->get_logger(), "ä¸¤åªä¹Œé¾Ÿç›¸è·%.2fç±³ã€‚", future.get()->distance);
      |         [01;31m[K^~~~~~~~~~~[m[K
[01m[K/home/levi/tut_interface/src/cpp07_exercise/src/exe03_client.cpp:58:9:[m[K [01;31m[Kerror: [m[Kâ€˜[01m[K<declaration error>[m[Kâ€™ is not a template [[01;31m[K]8;;https://gcc.gnu.org/onlinedocs/gcc/Warning-Options.html#index-fpermissive-fpermissive]8;;[m[K]
   58 |         [01;31m[KRCLCPP_INFO[m[K(client->get_logger(), "ä¸¤åªä¹Œé¾Ÿç›¸è·%.2fç±³ã€‚", future.get()->distance);
      |         [01;31m[K^~~~~~~~~~~[m[K
[01m[K/home/levi/tut_interface/src/cpp07_exercise/src/exe03_client.cpp:58:9:[m[K [01;31m[Kerror: [m[Ktemplate argument 1 is invalid
   58 |         [01;31m[KRCLCPP_INFO[m[K(client->get_logger(), "ä¸¤åªä¹Œé¾Ÿç›¸è·%.2fç±³ã€‚", future.get()->distance);
      |         [01;31m[K^~~~~~~~~~~[m[K
[01m[K/home/levi/tut_interface/src/cpp07_exercise/src/exe03_client.cpp:58:9:[m[K [01;31m[Kerror: [m[Kâ€˜[01m[K<declaration error>[m[Kâ€™ is not a template [[01;31m[K]8;;https://gcc.gnu.org/onlinedocs/gcc/Warning-Options.html#index-fpermissive-fpermissive]8;;[m[K]
   58 |         [01;31m[KRCLCPP_INFO[m[K(client->get_logger(), "ä¸¤åªä¹Œé¾Ÿç›¸è·%.2fç±³ã€‚", future.get()->distance);
      |         [01;31m[K^~~~~~~~~~~[m[K
[01m[K/home/levi/tut_interface/src/cpp07_exercise/src/exe03_client.cpp:58:9:[m[K [01;31m[Kerror: [m[Ktemplate argument 1 is invalid
   58 |         [01;31m[KRCLCPP_INFO[m[K(client->get_logger(), "ä¸¤åªä¹Œé¾Ÿç›¸è·%.2fç±³ã€‚", future.get()->distance);
      |         [01;31m[K^~~~~~~~~~~[m[K
[01m[K/home/levi/tut_interface/src/cpp07_exercise/src/exe03_client.cpp:60:21:[m[K [01;31m[Kerror: [m[Kâ€˜[01m[Kclient[m[Kâ€™ was not declared in this scope
   60 |         RCLCPP_INFO([01;31m[Kclient[m[K->get_logger(), "è·å–è·ç¦»æœåŠ¡å¤±è´¥!")
      |                     [01;31m[K^~~~~~[m[K
[01m[K/home/levi/tut_interface/src/cpp07_exercise/src/exe03_client.cpp:60:9:[m[K [01;31m[Kerror: [m[Ktemplate argument 1 is invalid
   60 |         [01;31m[KRCLCPP_INFO[m[K(client->get_logger(), "è·å–è·ç¦»æœåŠ¡å¤±è´¥!")
      |         [01;31m[K^~~~~~~~~~~[m[K
[01m[K/home/levi/tut_interface/src/cpp07_exercise/src/exe03_client.cpp:60:9:[m[K [01;31m[Kerror: [m[Kâ€˜[01m[K<declaration error>[m[Kâ€™ is not a template [[01;31m[K]8;;https://gcc.gnu.org/onlinedocs/gcc/Warning-Options.html#index-fpermissive-fpermissive]8;;[m[K]
   60 |         [01;31m[KRCLCPP_INFO[m[K(client->get_logger(), "è·å–è·ç¦»æœåŠ¡å¤±è´¥!")
      |         [01;31m[K^~~~~~~~~~~[m[K
[01m[K/home/levi/tut_interface/src/cpp07_exercise/src/exe03_client.cpp:60:9:[m[K [01;31m[Kerror: [m[Ktemplate argument 1 is invalid
   60 |         [01;31m[KRCLCPP_INFO[m[K(client->get_logger(), "è·å–è·ç¦»æœåŠ¡å¤±è´¥!")
      |         [01;31m[K^~~~~~~~~~~[m[K
[01m[K/home/levi/tut_interface/src/cpp07_exercise/src/exe03_client.cpp:60:9:[m[K [01;31m[Kerror: [m[Kâ€˜[01m[K<declaration error>[m[Kâ€™ is not a template [[01;31m[K]8;;https://gcc.gnu.org/onlinedocs/gcc/Warning-Options.html#index-fpermissive-fpermissive]8;;[m[K]
   60 |         [01;31m[KRCLCPP_INFO[m[K(client->get_logger(), "è·å–è·ç¦»æœåŠ¡å¤±è´¥!")
      |         [01;31m[K^~~~~~~~~~~[m[K
[01m[K/home/levi/tut_interface/src/cpp07_exercise/src/exe03_client.cpp:60:9:[m[K [01;31m[Kerror: [m[Ktemplate argument 1 is invalid
   60 |         [01;31m[KRCLCPP_INFO[m[K(client->get_logger(), "è·å–è·ç¦»æœåŠ¡å¤±è´¥!")
      |         [01;31m[K^~~~~~~~~~~[m[K
[01m[K/home/levi/tut_interface/src/cpp07_exercise/src/exe03_client.cpp:61:5:[m[K [01;31m[Kerror: [m[Kexpected â€˜[01m[K;[m[Kâ€™ before â€˜[01m[Krclcpp[m[Kâ€™
   61 |     [01;31m[Krclcpp[m[K::shutdown();
      |     [01;31m[K^~~~~~[m[K
gmake[2]: *** [CMakeFiles/exe03_client.dir/build.make:76ï¼šCMakeFiles/exe03_client.dir/src/exe03_client.cpp.o] é”™è¯¯ 1
gmake[1]: *** [CMakeFiles/Makefile2:221ï¼šCMakeFiles/exe03_client.dir/all] é”™è¯¯ 2
gmake: *** [Makefile:146ï¼šall] é”™è¯¯ 2
