[35m[1mConsolidate compiler generated dependencies of target exe03_client[0m
[ 25%] Built target basic_node
[ 50%] Built target exe01_pub_sub
[ 75%] Built target exe02_server
[ 87%] [32mBuilding CXX object CMakeFiles/exe03_client.dir/src/exe03_client.cpp.o[0m
[01m[K/home/levi/tut_interface/src/cpp07_exercise/src/exe03_client.cpp:[m[K In member function â€˜[01m[Kbool Exe03Client::connect_server()[m[Kâ€™:
[01m[K/home/levi/tut_interface/src/cpp07_exercise/src/exe03_client.cpp:13:17:[m[K [01;31m[Kerror: [m[Kâ€˜[01m[Kdistance_client[m[Kâ€™ was not declared in this scope
   13 |         while (![01;31m[Kdistance_client[m[K->wait_for_service(1s))
      |                 [01;31m[K^~~~~~~~~~~~~~~[m[K
[01m[K/home/levi/tut_interface/src/cpp07_exercise/src/exe03_client.cpp:13:51:[m[K [01;31m[Kerror: [m[Kunable to find numeric literal operator â€˜[01m[Koperator""s[m[Kâ€™
   13 |         while (!distance_client->wait_for_service([01;31m[K1s[m[K))
      |                                                   [01;31m[K^~[m[K
[01m[K/home/levi/tut_interface/src/cpp07_exercise/src/exe03_client.cpp:[m[K In function â€˜[01m[Kint main(int, char**)[m[Kâ€™:
[01m[K/home/levi/tut_interface/src/cpp07_exercise/src/exe03_client.cpp:61:5:[m[K [01;31m[Kerror: [m[Kexpected â€˜[01m[K;[m[Kâ€™ before â€˜[01m[Krclcpp[m[Kâ€™
   61 |     [01;31m[Krclcpp[m[K::shutdown();
      |     [01;31m[K^~~~~~[m[K
gmake[2]: *** [CMakeFiles/exe03_client.dir/build.make:76ï¼šCMakeFiles/exe03_client.dir/src/exe03_client.cpp.o] é”™è¯¯ 1
gmake[1]: *** [CMakeFiles/Makefile2:221ï¼šCMakeFiles/exe03_client.dir/all] é”™è¯¯ 2
gmake: *** [Makefile:146ï¼šall] é”™è¯¯ 2
